1713854323409:list books
1713854325184:help
1713854344032:list book
1713854348151:list books
1713854352281:delete book 1
1713854355719:list books
1713855104475:help
1713855113266:list books
1713855135274:update book 1 --price 123
1713855148154:update-book 1 --price 123
1713855150440:list books
1713857439770:help
1713857448827:list bookstores
1713857455283:delete bookstore 1
1713857513985:help
1713857520233:list bookstore
1713857525384:list bookstores
1713857532922:delete bookstore 1
1713857537376:list bookstores
1713857541111:help
1713857553121:create bookstore asd 2 3
1713857556600:list bookstores
1713857575310:help
1713857592049:update bookstore 2 --price 123
1713857596919:list bookstore
1713857601358:list bookstores
1713857647311:help
1713857650478:list bookstores
1713857670607:delete bookstore 1
1713857673454:list bookstores
1713857685527:create bookstore WERFSDFSDF 123 456
1713857689421:list bookstores
1713857703431:update bookstore 6 --price 3132123
1713857706277:list bookstores
1713857712109:delete bookstore 6
1713857714693:list bookstore
1713857718492:list bookstores
1714460445824:help
1714460459136:list books
1714460466928:find prices 1
1714461274419:help
1714461284831:get stock
1714461293127:get stock 1
1714462159809:add stock 1 1 100
1714462163417:get stock 1
